<?xml version="1.0" encoding="UTF-8"?>
<testsuite xmlns:xsi="http://www.w3.org/2001/XMLSchema-instance" xsi:noNamespaceSchemaLocation="https://maven.apache.org/surefire/maven-surefire-plugin/xsd/surefire-test-report-3.0.xsd" version="3.0" name="match.controllers.MatchControllerTest" time="2.775" tests="2" errors="0" skipped="0" failures="0">
  <properties>
[...]
</properties>
  <testcase name="testGetSeededMatchups" classname="match.controllers.MatchControllerTest" time="0.259">
    <system-out><![CDATA[18:02:41.956 [main] INFO org.springframework.test.context.support.AnnotationConfigContextLoaderUtils -- Could not detect default configuration classes for test class [match.controllers.MatchControllerTest]: MatchControllerTest does not declare any static, non-private, non-final, nested classes annotated with @Configuration.
18:02:42.054 [main] INFO org.springframework.boot.test.context.SpringBootTestContextBootstrapper -- Found @SpringBootConfiguration match.MatchApplication for test class match.controllers.MatchControllerTest

  .   ____          _            __ _ _
 /\\ / ___'_ __ _ _(_)_ __  __ _ \ \ \ \
( ( )\___ | '_ | '_| | '_ \/ _` | \ \ \ \
 \\/  ___)| |_)| | | | | || (_| |  ) ) ) )
  '  |____| .__|_| |_|_| |_\__, | / / / /
 =========|_|==============|___/=/_/_/_/

 :: Spring Boot ::                (v3.3.3)

2024-09-22T18:02:42.364+08:00  INFO 7868 --- [           main] match.controllers.MatchControllerTest    : Starting MatchControllerTest using Java 21.0.1 with PID 7868 (started by ASUS in C:\Users\ASUS\Documents\GitHub\CS203G8\backend\match)
2024-09-22T18:02:42.365+08:00  INFO 7868 --- [           main] match.controllers.MatchControllerTest    : No active profile set, falling back to 1 default profile: "default"
2024-09-22T18:02:44.202+08:00  INFO 7868 --- [           main] o.s.b.t.m.w.SpringBootMockServletContext : Initializing Spring TestDispatcherServlet ''
2024-09-22T18:02:44.202+08:00  INFO 7868 --- [           main] o.s.t.web.servlet.TestDispatcherServlet  : Initializing Servlet ''
2024-09-22T18:02:44.212+08:00  INFO 7868 --- [           main] o.s.t.web.servlet.TestDispatcherServlet  : Completed initialization in 10 ms
2024-09-22T18:02:44.257+08:00  INFO 7868 --- [           main] match.controllers.MatchControllerTest    : Started MatchControllerTest in 2.123 seconds (process running for 2.897)
]]></system-out>
    <system-err><![CDATA[WARNING: A Java agent has been loaded dynamically (C:\Users\ASUS\.m2\repository\net\bytebuddy\byte-buddy-agent\1.14.19\byte-buddy-agent-1.14.19.jar)
WARNING: If a serviceability tool is in use, please run with -XX:+EnableDynamicAgentLoading to hide this warning
WARNING: If a serviceability tool is not in use, please run with -Djdk.instrument.traceUsage for more information
WARNING: Dynamic loading of agents will be disallowed by default in a future release
]]></system-err>
  </testcase>
  <testcase name="testGetPlayerEloMap" classname="match.controllers.MatchControllerTest" time="0.016"/>
</testsuite>