<?xml version="1.0" encoding="UTF-8"?>
<testsuite xmlns:xsi="http://www.w3.org/2001/XMLSchema-instance" xsi:noNamespaceSchemaLocation="https://maven.apache.org/surefire/maven-surefire-plugin/xsd/surefire-test-report-3.0.xsd" version="3.0" name="com.csd.saga.SagaOrchestratorApplicationTests" time="2.298" tests="1" errors="0" skipped="0" failures="0">
  <properties>
[...]
</properties>
  <testcase name="contextLoads" classname="com.csd.saga.SagaOrchestratorApplicationTests" time="0.425">
    <system-out><![CDATA[17:03:54.662 [main] INFO org.springframework.test.context.support.AnnotationConfigContextLoaderUtils -- Could not detect default configuration classes for test class [com.csd.saga.SagaOrchestratorApplicationTests]: SagaOrchestratorApplicationTests does not declare any static, non-private, non-final, nested classes annotated with @Configuration.
17:03:54.706 [main] INFO org.springframework.boot.test.context.SpringBootTestContextBootstrapper -- Found @SpringBootConfiguration com.csd.saga.SagaOrchestratorApplication for test class com.csd.saga.SagaOrchestratorApplicationTests

  .   ____          _            __ _ _
 /\\ / ___'_ __ _ _(_)_ __  __ _ \ \ \ \
( ( )\___ | '_ | '_| | '_ \/ _` | \ \ \ \
 \\/  ___)| |_)| | | | | || (_| |  ) ) ) )
  '  |____| .__|_| |_|_| |_\__, | / / / /
 =========|_|==============|___/=/_/_/_/

 :: Spring Boot ::                (v3.3.5)

2024-11-20T17:03:54.894+08:00  INFO 24825 --- [Saga Orchestrator] [           main] c.c.s.SagaOrchestratorApplicationTests   : Starting SagaOrchestratorApplicationTests using Java 17.0.8 with PID 24825 (started by jonathanholton in /Users/jonathanholton/Documents/GitHub/CS203G8/backend/sagaOrchestrator)
2024-11-20T17:03:54.895+08:00  INFO 24825 --- [Saga Orchestrator] [           main] c.c.s.SagaOrchestratorApplicationTests   : No active profile set, falling back to 1 default profile: "default"
2024-11-20T17:03:55.338+08:00  INFO 24825 --- [Saga Orchestrator] [           main] o.s.cloud.context.scope.GenericScope     : BeanFactory id=3c766dd8-75fe-3156-8743-6051ed93f1f4
2024-11-20T17:03:56.416+08:00  INFO 24825 --- [Saga Orchestrator] [           main] o.s.b.a.e.web.EndpointLinksResolver      : Exposing 2 endpoints beneath base path '/actuator'
2024-11-20T17:03:56.444+08:00  INFO 24825 --- [Saga Orchestrator] [           main] c.c.s.SagaOrchestratorApplicationTests   : Started SagaOrchestratorApplicationTests in 1.692 seconds (process running for 2.074)
]]></system-out>
  </testcase>
</testsuite>